<?xml version="1.0" encoding="UTF-8"?>
<testng-results skipped="0" failed="0" total="0" passed="0">
  <reporter-output>
  </reporter-output>
  <suite name="Default suite" duration-ms="3304" started-at="2017-02-07T07:43:48Z" finished-at="2017-02-07T07:43:51Z">
    <groups>
    </groups>
    <test name="Default test" duration-ms="3304" started-at="2017-02-07T07:43:48Z" finished-at="2017-02-07T07:43:51Z">
      <class name="test.test">
        <test-method status="PASS" signature="driver()[pri:0, instance:test.test@cb5822]" name="driver" is-config="true" duration-ms="3297" started-at="2017-02-07T13:13:48Z" finished-at="2017-02-07T13:13:51Z">
          <reporter-output>
          </reporter-output>
        </test-method> <!-- driver -->
        <test-method status="PASS" signature="quit()[pri:0, instance:test.test@cb5822]" name="quit" is-config="true" duration-ms="0" started-at="2017-02-07T13:13:51Z" finished-at="2017-02-07T13:13:51Z">
          <reporter-output>
          </reporter-output>
        </test-method> <!-- quit -->
      </class> <!-- test.test -->
    </test> <!-- Default test -->
  </suite> <!-- Default suite -->
</testng-results>
